<?xml version="1.0" encoding="UTF-8"?>
<!-- Generated by org.testng.reporters.JUnitXMLReporter -->
<testsuite ignored="0" hostname="DESKTOP-FVKT4FL" failures="0" tests="3" name="FreeCRM" time="63.11" errors="0" timestamp="2019-10-14T19:47:51 IST">
  <testcase classname="com.crm.qa.testcases.LoginPageTest" name="CRMtitletest" time="0.104"/>
  <testcase classname="com.crm.qa.testcases.LoginPageTest" name="CRMImageTest" time="0.348"/>
  <testcase classname="com.crm.qa.testcases.LoginPageTest" name="LoginTest" time="6.988"/>
</testsuite> <!-- FreeCRM -->
