<?xml version="1.0" encoding="UTF-8"?>
<testng-results ignored="0" total="3" passed="3" failed="0" skipped="0">
  <reporter-output>
  </reporter-output>
  <suite started-at="2019-10-14T19:46:48 IST" name="FreeCRM_Suite" finished-at="2019-10-14T19:47:51 IST" duration-ms="63110">
    <groups>
    </groups>
    <test started-at="2019-10-14T19:46:48 IST" name="FreeCRM" finished-at="2019-10-14T19:47:51 IST" duration-ms="63110">
      <class name="com.crm.qa.testcases.LoginPageTest">
        <test-method is-config="true" signature="SetUp()[pri:0, instance:com.crm.qa.testcases.LoginPageTest@27ae2fd0]" started-at="2019-10-14T19:46:48 IST" name="SetUp" finished-at="2019-10-14T19:47:07 IST" duration-ms="19819" status="PASS">
          <reporter-output>
          </reporter-output>
        </test-method> <!-- SetUp -->
        <test-method signature="CRMtitletest()[pri:1, instance:com.crm.qa.testcases.LoginPageTest@27ae2fd0]" started-at="2019-10-14T19:47:07 IST" name="CRMtitletest" finished-at="2019-10-14T19:47:08 IST" duration-ms="104" status="PASS">
          <reporter-output>
          </reporter-output>
        </test-method> <!-- CRMtitletest -->
        <test-method is-config="true" signature="tearDown()[pri:0, instance:com.crm.qa.testcases.LoginPageTest@27ae2fd0]" started-at="2019-10-14T19:47:08 IST" name="tearDown" finished-at="2019-10-14T19:47:09 IST" duration-ms="1086" status="PASS">
          <reporter-output>
          </reporter-output>
        </test-method> <!-- tearDown -->
        <test-method is-config="true" signature="SetUp()[pri:0, instance:com.crm.qa.testcases.LoginPageTest@27ae2fd0]" started-at="2019-10-14T19:47:09 IST" name="SetUp" finished-at="2019-10-14T19:47:25 IST" duration-ms="16153" status="PASS">
          <reporter-output>
          </reporter-output>
        </test-method> <!-- SetUp -->
        <test-method signature="CRMImageTest()[pri:2, instance:com.crm.qa.testcases.LoginPageTest@27ae2fd0]" started-at="2019-10-14T19:47:25 IST" name="CRMImageTest" finished-at="2019-10-14T19:47:25 IST" duration-ms="348" status="PASS">
          <reporter-output>
          </reporter-output>
        </test-method> <!-- CRMImageTest -->
        <test-method is-config="true" signature="tearDown()[pri:0, instance:com.crm.qa.testcases.LoginPageTest@27ae2fd0]" started-at="2019-10-14T19:47:25 IST" name="tearDown" finished-at="2019-10-14T19:47:26 IST" duration-ms="1005" status="PASS">
          <reporter-output>
          </reporter-output>
        </test-method> <!-- tearDown -->
        <test-method is-config="true" signature="SetUp()[pri:0, instance:com.crm.qa.testcases.LoginPageTest@27ae2fd0]" started-at="2019-10-14T19:47:26 IST" name="SetUp" finished-at="2019-10-14T19:47:43 IST" duration-ms="16388" status="PASS">
          <reporter-output>
          </reporter-output>
        </test-method> <!-- SetUp -->
        <test-method signature="LoginTest()[pri:3, instance:com.crm.qa.testcases.LoginPageTest@27ae2fd0]" started-at="2019-10-14T19:47:43 IST" name="LoginTest" finished-at="2019-10-14T19:47:50 IST" duration-ms="6988" status="PASS">
          <reporter-output>
          </reporter-output>
        </test-method> <!-- LoginTest -->
        <test-method is-config="true" signature="tearDown()[pri:0, instance:com.crm.qa.testcases.LoginPageTest@27ae2fd0]" started-at="2019-10-14T19:47:50 IST" name="tearDown" finished-at="2019-10-14T19:47:51 IST" duration-ms="1152" status="PASS">
          <reporter-output>
          </reporter-output>
        </test-method> <!-- tearDown -->
      </class> <!-- com.crm.qa.testcases.LoginPageTest -->
    </test> <!-- FreeCRM -->
  </suite> <!-- FreeCRM_Suite -->
</testng-results>
